{"/home/matheus/Documentos/Desenvolvimento_de_Sistema_WEB/sails_js/istim-virtualCoin/fork_virtual_coin/istim-virtualCoin/config/400.js":{"path":"/home/matheus/Documentos/Desenvolvimento_de_Sistema_WEB/sails_js/istim-virtualCoin/fork_virtual_coin/istim-virtualCoin/config/400.js","s":{"1":1,"2":0,"3":0,"4":0,"5":0,"6":0,"7":0,"8":0,"9":0,"10":0,"11":0},"b":{"1":[0,0],"2":[0,0],"3":[0,0]},"f":{"1":0},"fnMap":{"1":{"name":"badRequest","line":23,"loc":{"start":{"line":23,"column":22},"end":{"line":23,"column":82}}}},"statementMap":{"1":{"start":{"line":23,"column":0},"end":{"line":73,"column":2}},"2":{"start":{"line":31,"column":2},"end":{"line":31,"column":23}},"3":{"start":{"line":33,"column":2},"end":{"line":35,"column":4}},"4":{"start":{"line":38,"column":2},"end":{"line":40,"column":3}},"5":{"start":{"line":39,"column":4},"end":{"line":39,"column":47}},"6":{"start":{"line":44,"column":2},"end":{"line":46,"column":3}},"7":{"start":{"line":45,"column":4},"end":{"line":45,"column":43}},"8":{"start":{"line":55,"column":2},"end":{"line":62,"column":3}},"9":{"start":{"line":58,"column":4},"end":{"line":58,"column":42}},"10":{"start":{"line":61,"column":4},"end":{"line":61,"column":36}},"11":{"start":{"line":71,"column":2},"end":{"line":71,"column":41}}},"branchMap":{"1":{"line":38,"type":"if","locations":[{"start":{"line":38,"column":2},"end":{"line":38,"column":2}},{"start":{"line":38,"column":2},"end":{"line":38,"column":2}}]},"2":{"line":44,"type":"if","locations":[{"start":{"line":44,"column":2},"end":{"line":44,"column":2}},{"start":{"line":44,"column":2},"end":{"line":44,"column":2}}]},"3":{"line":55,"type":"if","locations":[{"start":{"line":55,"column":2},"end":{"line":55,"column":2}},{"start":{"line":55,"column":2},"end":{"line":55,"column":2}}]}}},"/home/matheus/Documentos/Desenvolvimento_de_Sistema_WEB/sails_js/istim-virtualCoin/fork_virtual_coin/istim-virtualCoin/config/403.js":{"path":"/home/matheus/Documentos/Desenvolvimento_de_Sistema_WEB/sails_js/istim-virtualCoin/fork_virtual_coin/istim-virtualCoin/config/403.js","s":{"1":1,"2":0,"3":0,"4":0,"5":0,"6":0,"7":0,"8":0,"9":0,"10":0,"11":0,"12":0,"13":0,"14":0,"15":0},"b":{"1":[0,0],"2":[0,0],"3":[0,0]},"f":{"1":0,"2":0},"fnMap":{"1":{"name":"badRequest","line":13,"loc":{"start":{"line":13,"column":22},"end":{"line":13,"column":61}}},"2":{"name":"(anonymous_2)","line":44,"loc":{"start":{"line":44,"column":35},"end":{"line":44,"column":50}}}},"statementMap":{"1":{"start":{"line":13,"column":0},"end":{"line":52,"column":2}},"2":{"start":{"line":21,"column":2},"end":{"line":21,"column":27}},"3":{"start":{"line":22,"column":2},"end":{"line":22,"column":23}},"4":{"start":{"line":24,"column":2},"end":{"line":26,"column":4}},"5":{"start":{"line":29,"column":2},"end":{"line":31,"column":3}},"6":{"start":{"line":30,"column":4},"end":{"line":30,"column":29}},"7":{"start":{"line":34,"column":2},"end":{"line":36,"column":3}},"8":{"start":{"line":35,"column":4},"end":{"line":35,"column":43}},"9":{"start":{"line":39,"column":2},"end":{"line":39,"column":28}},"10":{"start":{"line":40,"column":2},"end":{"line":42,"column":3}},"11":{"start":{"line":41,"column":4},"end":{"line":41,"column":34}},"12":{"start":{"line":44,"column":2},"end":{"line":50,"column":5}},"13":{"start":{"line":46,"column":4},"end":{"line":46,"column":56}},"14":{"start":{"line":46,"column":15},"end":{"line":46,"column":54}},"15":{"start":{"line":49,"column":4},"end":{"line":49,"column":29}}},"branchMap":{"1":{"line":29,"type":"if","locations":[{"start":{"line":29,"column":2},"end":{"line":29,"column":2}},{"start":{"line":29,"column":2},"end":{"line":29,"column":2}}]},"2":{"line":34,"type":"if","locations":[{"start":{"line":34,"column":2},"end":{"line":34,"column":2}},{"start":{"line":34,"column":2},"end":{"line":34,"column":2}}]},"3":{"line":46,"type":"if","locations":[{"start":{"line":46,"column":4},"end":{"line":46,"column":4}},{"start":{"line":46,"column":4},"end":{"line":46,"column":4}}]}}},"/home/matheus/Documentos/Desenvolvimento_de_Sistema_WEB/sails_js/istim-virtualCoin/fork_virtual_coin/istim-virtualCoin/config/404.js":{"path":"/home/matheus/Documentos/Desenvolvimento_de_Sistema_WEB/sails_js/istim-virtualCoin/fork_virtual_coin/istim-virtualCoin/config/404.js","s":{"1":1,"2":0,"3":0,"4":0,"5":0,"6":0,"7":0,"8":0,"9":0,"10":0,"11":0},"b":{"1":[0,0],"2":[0,0]},"f":{"1":0,"2":0},"fnMap":{"1":{"name":"pageNotFound","line":10,"loc":{"start":{"line":10,"column":22},"end":{"line":10,"column":54}}},"2":{"name":"(anonymous_2)","line":30,"loc":{"start":{"line":30,"column":27},"end":{"line":30,"column":42}}}},"statementMap":{"1":{"start":{"line":10,"column":0},"end":{"line":38,"column":2}},"2":{"start":{"line":18,"column":2},"end":{"line":18,"column":27}},"3":{"start":{"line":19,"column":2},"end":{"line":19,"column":23}},"4":{"start":{"line":20,"column":2},"end":{"line":22,"column":4}},"5":{"start":{"line":25,"column":2},"end":{"line":27,"column":3}},"6":{"start":{"line":26,"column":4},"end":{"line":26,"column":43}},"7":{"start":{"line":29,"column":2},"end":{"line":29,"column":28}},"8":{"start":{"line":30,"column":2},"end":{"line":36,"column":5}},"9":{"start":{"line":32,"column":4},"end":{"line":32,"column":56}},"10":{"start":{"line":32,"column":15},"end":{"line":32,"column":54}},"11":{"start":{"line":35,"column":4},"end":{"line":35,"column":29}}},"branchMap":{"1":{"line":25,"type":"if","locations":[{"start":{"line":25,"column":2},"end":{"line":25,"column":2}},{"start":{"line":25,"column":2},"end":{"line":25,"column":2}}]},"2":{"line":32,"type":"if","locations":[{"start":{"line":32,"column":4},"end":{"line":32,"column":4}},{"start":{"line":32,"column":4},"end":{"line":32,"column":4}}]}}},"/home/matheus/Documentos/Desenvolvimento_de_Sistema_WEB/sails_js/istim-virtualCoin/fork_virtual_coin/istim-virtualCoin/config/500.js":{"path":"/home/matheus/Documentos/Desenvolvimento_de_Sistema_WEB/sails_js/istim-virtualCoin/fork_virtual_coin/istim-virtualCoin/config/500.js","s":{"1":1,"2":0,"3":0,"4":0,"5":0,"6":0,"7":0,"8":0,"9":0,"10":0,"11":0,"12":0,"13":0,"14":0,"15":0,"16":0,"17":0,"18":0,"19":0,"20":0,"21":0,"22":0,"23":0},"b":{"1":[0,0],"2":[0,0],"3":[0,0],"4":[0,0],"5":[0,0]},"f":{"1":0,"2":0},"fnMap":{"1":{"name":"serverErrorOccurred","line":15,"loc":{"start":{"line":15,"column":22},"end":{"line":15,"column":69}}},"2":{"name":"(anonymous_2)","line":69,"loc":{"start":{"line":69,"column":35},"end":{"line":69,"column":50}}}},"statementMap":{"1":{"start":{"line":15,"column":0},"end":{"line":77,"column":2}},"2":{"start":{"line":23,"column":2},"end":{"line":25,"column":33}},"3":{"start":{"line":27,"column":2},"end":{"line":29,"column":4}},"4":{"start":{"line":33,"column":2},"end":{"line":33,"column":59}},"5":{"start":{"line":34,"column":2},"end":{"line":50,"column":3}},"6":{"start":{"line":38,"column":4},"end":{"line":43,"column":5}},"7":{"start":{"line":39,"column":6},"end":{"line":39,"column":67}},"8":{"start":{"line":42,"column":6},"end":{"line":42,"column":44}},"9":{"start":{"line":44,"column":4},"end":{"line":44,"column":42}},"10":{"start":{"line":45,"column":4},"end":{"line":45,"column":32}},"11":{"start":{"line":48,"column":4},"end":{"line":48,"column":76}},"12":{"start":{"line":49,"column":4},"end":{"line":49,"column":37}},"13":{"start":{"line":54,"column":2},"end":{"line":56,"column":3}},"14":{"start":{"line":55,"column":4},"end":{"line":55,"column":36}},"15":{"start":{"line":59,"column":2},"end":{"line":61,"column":3}},"16":{"start":{"line":60,"column":4},"end":{"line":60,"column":43}},"17":{"start":{"line":64,"column":2},"end":{"line":64,"column":28}},"18":{"start":{"line":65,"column":2},"end":{"line":67,"column":3}},"19":{"start":{"line":66,"column":4},"end":{"line":66,"column":34}},"20":{"start":{"line":69,"column":2},"end":{"line":75,"column":5}},"21":{"start":{"line":71,"column":4},"end":{"line":71,"column":56}},"22":{"start":{"line":71,"column":15},"end":{"line":71,"column":54}},"23":{"start":{"line":74,"column":4},"end":{"line":74,"column":37}}},"branchMap":{"1":{"line":38,"type":"if","locations":[{"start":{"line":38,"column":4},"end":{"line":38,"column":4}},{"start":{"line":38,"column":4},"end":{"line":38,"column":4}}]},"2":{"line":48,"type":"binary-expr","locations":[{"start":{"line":48,"column":18},"end":{"line":48,"column":45}},{"start":{"line":48,"column":49},"end":{"line":48,"column":75}}]},"3":{"line":54,"type":"if","locations":[{"start":{"line":54,"column":2},"end":{"line":54,"column":2}},{"start":{"line":54,"column":2},"end":{"line":54,"column":2}}]},"4":{"line":59,"type":"if","locations":[{"start":{"line":59,"column":2},"end":{"line":59,"column":2}},{"start":{"line":59,"column":2},"end":{"line":59,"column":2}}]},"5":{"line":71,"type":"if","locations":[{"start":{"line":71,"column":4},"end":{"line":71,"column":4}},{"start":{"line":71,"column":4},"end":{"line":71,"column":4}}]}}},"/home/matheus/Documentos/Desenvolvimento_de_Sistema_WEB/sails_js/istim-virtualCoin/fork_virtual_coin/istim-virtualCoin/config/adapters.js":{"path":"/home/matheus/Documentos/Desenvolvimento_de_Sistema_WEB/sails_js/istim-virtualCoin/fork_virtual_coin/istim-virtualCoin/config/adapters.js","s":{"1":1},"b":{},"f":{},"fnMap":{},"statementMap":{"1":{"start":{"line":15,"column":0},"end":{"line":39,"column":2}}},"branchMap":{}},"/home/matheus/Documentos/Desenvolvimento_de_Sistema_WEB/sails_js/istim-virtualCoin/fork_virtual_coin/istim-virtualCoin/config/bootstrap.js":{"path":"/home/matheus/Documentos/Desenvolvimento_de_Sistema_WEB/sails_js/istim-virtualCoin/fork_virtual_coin/istim-virtualCoin/config/bootstrap.js","s":{"1":1,"2":1},"b":{},"f":{"1":1},"fnMap":{"1":{"name":"(anonymous_1)","line":11,"loc":{"start":{"line":11,"column":27},"end":{"line":11,"column":41}}}},"statementMap":{"1":{"start":{"line":11,"column":0},"end":{"line":16,"column":2}},"2":{"start":{"line":15,"column":2},"end":{"line":15,"column":7}}},"branchMap":{}},"/home/matheus/Documentos/Desenvolvimento_de_Sistema_WEB/sails_js/istim-virtualCoin/fork_virtual_coin/istim-virtualCoin/config/controllers.js":{"path":"/home/matheus/Documentos/Desenvolvimento_de_Sistema_WEB/sails_js/istim-virtualCoin/fork_virtual_coin/istim-virtualCoin/config/controllers.js","s":{"1":1},"b":{},"f":{},"fnMap":{},"statementMap":{"1":{"start":{"line":20,"column":0},"end":{"line":169,"column":2}}},"branchMap":{}},"/home/matheus/Documentos/Desenvolvimento_de_Sistema_WEB/sails_js/istim-virtualCoin/fork_virtual_coin/istim-virtualCoin/config/cors.js":{"path":"/home/matheus/Documentos/Desenvolvimento_de_Sistema_WEB/sails_js/istim-virtualCoin/fork_virtual_coin/istim-virtualCoin/config/cors.js","s":{"1":1},"b":{},"f":{},"fnMap":{},"statementMap":{"1":{"start":{"line":25,"column":0},"end":{"line":49,"column":2}}},"branchMap":{}},"/home/matheus/Documentos/Desenvolvimento_de_Sistema_WEB/sails_js/istim-virtualCoin/fork_virtual_coin/istim-virtualCoin/config/csrf.js":{"path":"/home/matheus/Documentos/Desenvolvimento_de_Sistema_WEB/sails_js/istim-virtualCoin/fork_virtual_coin/istim-virtualCoin/config/csrf.js","s":{"1":1},"b":{},"f":{},"fnMap":{},"statementMap":{"1":{"start":{"line":40,"column":0},"end":{"line":40,"column":28}}},"branchMap":{}},"/home/matheus/Documentos/Desenvolvimento_de_Sistema_WEB/sails_js/istim-virtualCoin/fork_virtual_coin/istim-virtualCoin/config/i18n.js":{"path":"/home/matheus/Documentos/Desenvolvimento_de_Sistema_WEB/sails_js/istim-virtualCoin/fork_virtual_coin/istim-virtualCoin/config/i18n.js","s":{"1":1},"b":{},"f":{},"fnMap":{},"statementMap":{"1":{"start":{"line":12,"column":0},"end":{"line":17,"column":2}}},"branchMap":{}},"/home/matheus/Documentos/Desenvolvimento_de_Sistema_WEB/sails_js/istim-virtualCoin/fork_virtual_coin/istim-virtualCoin/config/local.js":{"path":"/home/matheus/Documentos/Desenvolvimento_de_Sistema_WEB/sails_js/istim-virtualCoin/fork_virtual_coin/istim-virtualCoin/config/local.js","s":{"1":1},"b":{"1":[1,1],"2":[1,1]},"f":{},"fnMap":{},"statementMap":{"1":{"start":{"line":25,"column":0},"end":{"line":57,"column":2}}},"branchMap":{"1":{"line":39,"type":"binary-expr","locations":[{"start":{"line":39,"column":8},"end":{"line":39,"column":24}},{"start":{"line":39,"column":28},"end":{"line":39,"column":32}}]},"2":{"line":55,"type":"binary-expr","locations":[{"start":{"line":55,"column":15},"end":{"line":55,"column":35}},{"start":{"line":55,"column":39},"end":{"line":55,"column":52}}]}}},"/home/matheus/Documentos/Desenvolvimento_de_Sistema_WEB/sails_js/istim-virtualCoin/fork_virtual_coin/istim-virtualCoin/config/log.js":{"path":"/home/matheus/Documentos/Desenvolvimento_de_Sistema_WEB/sails_js/istim-virtualCoin/fork_virtual_coin/istim-virtualCoin/config/log.js","s":{"1":1},"b":{},"f":{},"fnMap":{},"statementMap":{"1":{"start":{"line":12,"column":0},"end":{"line":27,"column":2}}},"branchMap":{}},"/home/matheus/Documentos/Desenvolvimento_de_Sistema_WEB/sails_js/istim-virtualCoin/fork_virtual_coin/istim-virtualCoin/config/policies.js":{"path":"/home/matheus/Documentos/Desenvolvimento_de_Sistema_WEB/sails_js/istim-virtualCoin/fork_virtual_coin/istim-virtualCoin/config/policies.js","s":{"1":1},"b":{},"f":{},"fnMap":{},"statementMap":{"1":{"start":{"line":15,"column":0},"end":{"line":41,"column":2}}},"branchMap":{}},"/home/matheus/Documentos/Desenvolvimento_de_Sistema_WEB/sails_js/istim-virtualCoin/fork_virtual_coin/istim-virtualCoin/config/routes.js":{"path":"/home/matheus/Documentos/Desenvolvimento_de_Sistema_WEB/sails_js/istim-virtualCoin/fork_virtual_coin/istim-virtualCoin/config/routes.js","s":{"1":1},"b":{},"f":{},"fnMap":{},"statementMap":{"1":{"start":{"line":29,"column":0},"end":{"line":128,"column":2}}},"branchMap":{}},"/home/matheus/Documentos/Desenvolvimento_de_Sistema_WEB/sails_js/istim-virtualCoin/fork_virtual_coin/istim-virtualCoin/config/session.js":{"path":"/home/matheus/Documentos/Desenvolvimento_de_Sistema_WEB/sails_js/istim-virtualCoin/fork_virtual_coin/istim-virtualCoin/config/session.js","s":{"1":1},"b":{},"f":{},"fnMap":{},"statementMap":{"1":{"start":{"line":13,"column":0},"end":{"line":56,"column":2}}},"branchMap":{}},"/home/matheus/Documentos/Desenvolvimento_de_Sistema_WEB/sails_js/istim-virtualCoin/fork_virtual_coin/istim-virtualCoin/config/sockets.js":{"path":"/home/matheus/Documentos/Desenvolvimento_de_Sistema_WEB/sails_js/istim-virtualCoin/fork_virtual_coin/istim-virtualCoin/config/sockets.js","s":{"1":1},"b":{},"f":{"1":0,"2":0},"fnMap":{"1":{"name":"(anonymous_1)","line":17,"loc":{"start":{"line":17,"column":13},"end":{"line":17,"column":39}}},"2":{"name":"(anonymous_2)","line":25,"loc":{"start":{"line":25,"column":16},"end":{"line":25,"column":42}}}},"statementMap":{"1":{"start":{"line":11,"column":0},"end":{"line":223,"column":2}}},"branchMap":{}},"/home/matheus/Documentos/Desenvolvimento_de_Sistema_WEB/sails_js/istim-virtualCoin/fork_virtual_coin/istim-virtualCoin/config/views.js":{"path":"/home/matheus/Documentos/Desenvolvimento_de_Sistema_WEB/sails_js/istim-virtualCoin/fork_virtual_coin/istim-virtualCoin/config/views.js","s":{"1":1},"b":{},"f":{},"fnMap":{},"statementMap":{"1":{"start":{"line":12,"column":0},"end":{"line":72,"column":2}}},"branchMap":{}},"/home/matheus/Documentos/Desenvolvimento_de_Sistema_WEB/sails_js/istim-virtualCoin/fork_virtual_coin/istim-virtualCoin/api/models/Coin.js":{"path":"/home/matheus/Documentos/Desenvolvimento_de_Sistema_WEB/sails_js/istim-virtualCoin/fork_virtual_coin/istim-virtualCoin/api/models/Coin.js","s":{"1":1,"2":0,"3":0,"4":0},"b":{"1":[0,0]},"f":{"1":0,"2":0},"fnMap":{"1":{"name":"(anonymous_1)","line":16,"loc":{"start":{"line":16,"column":16},"end":{"line":16,"column":39}}},"2":{"name":"(anonymous_2)","line":17,"loc":{"start":{"line":17,"column":36},"end":{"line":17,"column":55}}}},"statementMap":{"1":{"start":{"line":9,"column":0},"end":{"line":23,"column":2}},"2":{"start":{"line":17,"column":3},"end":{"line":20,"column":6}},"3":{"start":{"line":18,"column":4},"end":{"line":19,"column":12}},"4":{"start":{"line":19,"column":5},"end":{"line":19,"column":12}}},"branchMap":{"1":{"line":18,"type":"if","locations":[{"start":{"line":18,"column":4},"end":{"line":18,"column":4}},{"start":{"line":18,"column":4},"end":{"line":18,"column":4}}]}}},"/home/matheus/Documentos/Desenvolvimento_de_Sistema_WEB/sails_js/istim-virtualCoin/fork_virtual_coin/istim-virtualCoin/api/controllers/CoinController.js":{"path":"/home/matheus/Documentos/Desenvolvimento_de_Sistema_WEB/sails_js/istim-virtualCoin/fork_virtual_coin/istim-virtualCoin/api/controllers/CoinController.js","s":{"1":1,"2":2,"3":2,"4":2,"5":0,"6":2,"7":2,"8":0,"9":2,"10":0,"11":2,"12":1,"13":1,"14":0,"15":1,"16":1,"17":1,"18":0,"19":1,"20":6,"21":6,"22":0,"23":6,"24":6,"25":0,"26":6,"27":5,"28":1,"29":2,"30":2,"31":0,"32":2,"33":2,"34":0,"35":2,"36":0,"37":2,"38":2,"39":0,"40":2,"41":3,"42":3,"43":3,"44":3,"45":0,"46":3,"47":2,"48":2,"49":0,"50":0,"51":3,"52":3,"53":0,"54":3,"55":0,"56":3,"57":1,"58":2,"59":1,"60":1,"61":1,"62":1,"63":3,"64":3,"65":0,"66":3,"67":1,"68":1,"69":1,"70":0,"71":1,"72":0,"73":1,"74":1,"75":0,"76":1,"77":0,"78":1,"79":1,"80":1,"81":1,"82":0,"83":1,"84":0,"85":1,"86":1,"87":1,"88":0,"89":1,"90":0,"91":1,"92":1,"93":0,"94":1,"95":0,"96":1,"97":1,"98":1,"99":1,"100":0,"101":1,"102":0},"b":{"1":[0,2],"2":[0,2],"3":[0,2],"4":[1,1],"5":[0,1],"6":[0,1],"7":[0,6],"8":[0,6],"9":[5,1],"10":[0,2],"11":[0,2],"12":[0,2],"13":[0,2],"14":[0,3],"15":[2,1],"16":[0,2],"17":[0,3],"18":[0,3],"19":[1,2],"20":[3,2],"21":[1,1],"22":[2,2],"23":[1,0],"24":[1,1],"25":[0,3],"26":[0,1],"27":[0,1],"28":[0,1],"29":[0,1],"30":[1,0],"31":[0,1],"32":[0,1],"33":[0,1],"34":[0,1],"35":[0,1],"36":[1,0],"37":[0,1]},"f":{"1":2,"2":2,"3":1,"4":1,"5":6,"6":6,"7":2,"8":2,"9":2,"10":3,"11":2,"12":3,"13":3,"14":1,"15":1,"16":1,"17":1,"18":1,"19":1},"fnMap":{"1":{"name":"(anonymous_1)","line":20,"loc":{"start":{"line":20,"column":10},"end":{"line":20,"column":29}}},"2":{"name":"(anonymous_2)","line":25,"loc":{"start":{"line":25,"column":61},"end":{"line":25,"column":80}}},"3":{"name":"(anonymous_3)","line":29,"loc":{"start":{"line":29,"column":52},"end":{"line":29,"column":73}}},"4":{"name":"(anonymous_4)","line":35,"loc":{"start":{"line":35,"column":55},"end":{"line":35,"column":75}}},"5":{"name":"(anonymous_5)","line":45,"loc":{"start":{"line":45,"column":6},"end":{"line":45,"column":25}}},"6":{"name":"(anonymous_6)","line":48,"loc":{"start":{"line":48,"column":61},"end":{"line":48,"column":80}}},"7":{"name":"(anonymous_7)","line":55,"loc":{"start":{"line":55,"column":11},"end":{"line":55,"column":30}}},"8":{"name":"(anonymous_8)","line":59,"loc":{"start":{"line":59,"column":61},"end":{"line":59,"column":81}}},"9":{"name":"(anonymous_9)","line":62,"loc":{"start":{"line":62,"column":21},"end":{"line":62,"column":34}}},"10":{"name":"(anonymous_10)","line":70,"loc":{"start":{"line":70,"column":10},"end":{"line":70,"column":29}}},"11":{"name":"(anonymous_11)","line":78,"loc":{"start":{"line":78,"column":39},"end":{"line":78,"column":60}}},"12":{"name":"(anonymous_12)","line":86,"loc":{"start":{"line":86,"column":36},"end":{"line":86,"column":57}}},"13":{"name":"(anonymous_13)","line":98,"loc":{"start":{"line":98,"column":16},"end":{"line":98,"column":29}}},"14":{"name":"(anonymous_14)","line":105,"loc":{"start":{"line":105,"column":9},"end":{"line":105,"column":28}}},"15":{"name":"(anonymous_15)","line":111,"loc":{"start":{"line":111,"column":61},"end":{"line":111,"column":80}}},"16":{"name":"(anonymous_16)","line":116,"loc":{"start":{"line":116,"column":20},"end":{"line":116,"column":34}}},"17":{"name":"(anonymous_17)","line":126,"loc":{"start":{"line":126,"column":10},"end":{"line":126,"column":29}}},"18":{"name":"(anonymous_18)","line":132,"loc":{"start":{"line":132,"column":61},"end":{"line":132,"column":80}}},"19":{"name":"(anonymous_19)","line":137,"loc":{"start":{"line":137,"column":20},"end":{"line":137,"column":34}}}},"statementMap":{"1":{"start":{"line":18,"column":0},"end":{"line":149,"column":2}},"2":{"start":{"line":21,"column":4},"end":{"line":21,"column":35}},"3":{"start":{"line":22,"column":4},"end":{"line":22,"column":45}},"4":{"start":{"line":24,"column":6},"end":{"line":24,"column":79}},"5":{"start":{"line":24,"column":17},"end":{"line":24,"column":79}},"6":{"start":{"line":25,"column":6},"end":{"line":41,"column":9}},"7":{"start":{"line":26,"column":8},"end":{"line":26,"column":59}},"8":{"start":{"line":26,"column":17},"end":{"line":26,"column":59}},"9":{"start":{"line":27,"column":8},"end":{"line":27,"column":76}},"10":{"start":{"line":27,"column":18},"end":{"line":27,"column":76}},"11":{"start":{"line":28,"column":8},"end":{"line":40,"column":9}},"12":{"start":{"line":29,"column":10},"end":{"line":32,"column":13}},"13":{"start":{"line":30,"column":12},"end":{"line":30,"column":72}},"14":{"start":{"line":30,"column":21},"end":{"line":30,"column":72}},"15":{"start":{"line":31,"column":12},"end":{"line":31,"column":31}},"16":{"start":{"line":35,"column":10},"end":{"line":38,"column":13}},"17":{"start":{"line":36,"column":12},"end":{"line":36,"column":72}},"18":{"start":{"line":36,"column":21},"end":{"line":36,"column":72}},"19":{"start":{"line":37,"column":12},"end":{"line":37,"column":31}},"20":{"start":{"line":46,"column":4},"end":{"line":46,"column":35}},"21":{"start":{"line":47,"column":6},"end":{"line":47,"column":79}},"22":{"start":{"line":47,"column":17},"end":{"line":47,"column":79}},"23":{"start":{"line":48,"column":6},"end":{"line":52,"column":9}},"24":{"start":{"line":49,"column":8},"end":{"line":49,"column":59}},"25":{"start":{"line":49,"column":17},"end":{"line":49,"column":59}},"26":{"start":{"line":50,"column":8},"end":{"line":51,"column":61}},"27":{"start":{"line":50,"column":18},"end":{"line":50,"column":44}},"28":{"start":{"line":51,"column":13},"end":{"line":51,"column":61}},"29":{"start":{"line":56,"column":4},"end":{"line":56,"column":35}},"30":{"start":{"line":58,"column":6},"end":{"line":58,"column":79}},"31":{"start":{"line":58,"column":17},"end":{"line":58,"column":79}},"32":{"start":{"line":59,"column":6},"end":{"line":66,"column":9}},"33":{"start":{"line":60,"column":8},"end":{"line":60,"column":59}},"34":{"start":{"line":60,"column":17},"end":{"line":60,"column":59}},"35":{"start":{"line":61,"column":8},"end":{"line":61,"column":67}},"36":{"start":{"line":61,"column":19},"end":{"line":61,"column":67}},"37":{"start":{"line":62,"column":8},"end":{"line":65,"column":11}},"38":{"start":{"line":63,"column":10},"end":{"line":63,"column":73}},"39":{"start":{"line":63,"column":19},"end":{"line":63,"column":73}},"40":{"start":{"line":64,"column":10},"end":{"line":64,"column":29}},"41":{"start":{"line":71,"column":4},"end":{"line":71,"column":35}},"42":{"start":{"line":72,"column":4},"end":{"line":72,"column":45}},"43":{"start":{"line":73,"column":4},"end":{"line":73,"column":39}},"44":{"start":{"line":74,"column":4},"end":{"line":74,"column":77}},"45":{"start":{"line":74,"column":15},"end":{"line":74,"column":77}},"46":{"start":{"line":76,"column":4},"end":{"line":84,"column":4}},"47":{"start":{"line":78,"column":4},"end":{"line":83,"column":7}},"48":{"start":{"line":79,"column":8},"end":{"line":82,"column":7}},"49":{"start":{"line":80,"column":9},"end":{"line":80,"column":24}},"50":{"start":{"line":81,"column":8},"end":{"line":81,"column":66}},"51":{"start":{"line":86,"column":4},"end":{"line":102,"column":7}},"52":{"start":{"line":88,"column":6},"end":{"line":88,"column":57}},"53":{"start":{"line":88,"column":15},"end":{"line":88,"column":57}},"54":{"start":{"line":89,"column":6},"end":{"line":89,"column":65}},"55":{"start":{"line":89,"column":17},"end":{"line":89,"column":65}},"56":{"start":{"line":90,"column":6},"end":{"line":97,"column":7}},"57":{"start":{"line":91,"column":8},"end":{"line":91,"column":25}},"58":{"start":{"line":92,"column":13},"end":{"line":97,"column":7}},"59":{"start":{"line":93,"column":8},"end":{"line":93,"column":30}},"60":{"start":{"line":94,"column":13},"end":{"line":97,"column":7}},"61":{"start":{"line":95,"column":8},"end":{"line":95,"column":30}},"62":{"start":{"line":96,"column":8},"end":{"line":96,"column":25}},"63":{"start":{"line":98,"column":6},"end":{"line":101,"column":9}},"64":{"start":{"line":99,"column":8},"end":{"line":99,"column":68}},"65":{"start":{"line":99,"column":17},"end":{"line":99,"column":68}},"66":{"start":{"line":100,"column":8},"end":{"line":100,"column":28}},"67":{"start":{"line":106,"column":4},"end":{"line":106,"column":35}},"68":{"start":{"line":107,"column":4},"end":{"line":107,"column":45}},"69":{"start":{"line":109,"column":6},"end":{"line":109,"column":78}},"70":{"start":{"line":109,"column":17},"end":{"line":109,"column":78}},"71":{"start":{"line":110,"column":6},"end":{"line":110,"column":76}},"72":{"start":{"line":110,"column":17},"end":{"line":110,"column":76}},"73":{"start":{"line":111,"column":6},"end":{"line":122,"column":9}},"74":{"start":{"line":112,"column":8},"end":{"line":112,"column":59}},"75":{"start":{"line":112,"column":17},"end":{"line":112,"column":59}},"76":{"start":{"line":113,"column":8},"end":{"line":113,"column":67}},"77":{"start":{"line":113,"column":19},"end":{"line":113,"column":67}},"78":{"start":{"line":114,"column":8},"end":{"line":120,"column":9}},"79":{"start":{"line":115,"column":10},"end":{"line":115,"column":28}},"80":{"start":{"line":116,"column":10},"end":{"line":118,"column":13}},"81":{"start":{"line":117,"column":12},"end":{"line":117,"column":71}},"82":{"start":{"line":117,"column":21},"end":{"line":117,"column":71}},"83":{"start":{"line":119,"column":10},"end":{"line":119,"column":36}},"84":{"start":{"line":121,"column":8},"end":{"line":121,"column":58}},"85":{"start":{"line":127,"column":4},"end":{"line":127,"column":35}},"86":{"start":{"line":128,"column":4},"end":{"line":128,"column":45}},"87":{"start":{"line":130,"column":6},"end":{"line":130,"column":78}},"88":{"start":{"line":130,"column":17},"end":{"line":130,"column":78}},"89":{"start":{"line":131,"column":6},"end":{"line":131,"column":76}},"90":{"start":{"line":131,"column":17},"end":{"line":131,"column":76}},"91":{"start":{"line":132,"column":6},"end":{"line":143,"column":9}},"92":{"start":{"line":133,"column":8},"end":{"line":133,"column":59}},"93":{"start":{"line":133,"column":17},"end":{"line":133,"column":59}},"94":{"start":{"line":134,"column":8},"end":{"line":134,"column":67}},"95":{"start":{"line":134,"column":19},"end":{"line":134,"column":67}},"96":{"start":{"line":135,"column":8},"end":{"line":141,"column":9}},"97":{"start":{"line":136,"column":10},"end":{"line":136,"column":28}},"98":{"start":{"line":137,"column":10},"end":{"line":139,"column":13}},"99":{"start":{"line":138,"column":12},"end":{"line":138,"column":71}},"100":{"start":{"line":138,"column":21},"end":{"line":138,"column":71}},"101":{"start":{"line":140,"column":10},"end":{"line":140,"column":36}},"102":{"start":{"line":142,"column":8},"end":{"line":142,"column":59}}},"branchMap":{"1":{"line":24,"type":"if","locations":[{"start":{"line":24,"column":6},"end":{"line":24,"column":6}},{"start":{"line":24,"column":6},"end":{"line":24,"column":6}}]},"2":{"line":26,"type":"if","locations":[{"start":{"line":26,"column":8},"end":{"line":26,"column":8}},{"start":{"line":26,"column":8},"end":{"line":26,"column":8}}]},"3":{"line":27,"type":"if","locations":[{"start":{"line":27,"column":8},"end":{"line":27,"column":8}},{"start":{"line":27,"column":8},"end":{"line":27,"column":8}}]},"4":{"line":28,"type":"if","locations":[{"start":{"line":28,"column":8},"end":{"line":28,"column":8}},{"start":{"line":28,"column":8},"end":{"line":28,"column":8}}]},"5":{"line":30,"type":"if","locations":[{"start":{"line":30,"column":12},"end":{"line":30,"column":12}},{"start":{"line":30,"column":12},"end":{"line":30,"column":12}}]},"6":{"line":36,"type":"if","locations":[{"start":{"line":36,"column":12},"end":{"line":36,"column":12}},{"start":{"line":36,"column":12},"end":{"line":36,"column":12}}]},"7":{"line":47,"type":"if","locations":[{"start":{"line":47,"column":6},"end":{"line":47,"column":6}},{"start":{"line":47,"column":6},"end":{"line":47,"column":6}}]},"8":{"line":49,"type":"if","locations":[{"start":{"line":49,"column":8},"end":{"line":49,"column":8}},{"start":{"line":49,"column":8},"end":{"line":49,"column":8}}]},"9":{"line":50,"type":"if","locations":[{"start":{"line":50,"column":8},"end":{"line":50,"column":8}},{"start":{"line":50,"column":8},"end":{"line":50,"column":8}}]},"10":{"line":58,"type":"if","locations":[{"start":{"line":58,"column":6},"end":{"line":58,"column":6}},{"start":{"line":58,"column":6},"end":{"line":58,"column":6}}]},"11":{"line":60,"type":"if","locations":[{"start":{"line":60,"column":8},"end":{"line":60,"column":8}},{"start":{"line":60,"column":8},"end":{"line":60,"column":8}}]},"12":{"line":61,"type":"if","locations":[{"start":{"line":61,"column":8},"end":{"line":61,"column":8}},{"start":{"line":61,"column":8},"end":{"line":61,"column":8}}]},"13":{"line":63,"type":"if","locations":[{"start":{"line":63,"column":10},"end":{"line":63,"column":10}},{"start":{"line":63,"column":10},"end":{"line":63,"column":10}}]},"14":{"line":74,"type":"if","locations":[{"start":{"line":74,"column":4},"end":{"line":74,"column":4}},{"start":{"line":74,"column":4},"end":{"line":74,"column":4}}]},"15":{"line":76,"type":"if","locations":[{"start":{"line":76,"column":4},"end":{"line":76,"column":4}},{"start":{"line":76,"column":4},"end":{"line":76,"column":4}}]},"16":{"line":79,"type":"if","locations":[{"start":{"line":79,"column":8},"end":{"line":79,"column":8}},{"start":{"line":79,"column":8},"end":{"line":79,"column":8}}]},"17":{"line":88,"type":"if","locations":[{"start":{"line":88,"column":6},"end":{"line":88,"column":6}},{"start":{"line":88,"column":6},"end":{"line":88,"column":6}}]},"18":{"line":89,"type":"if","locations":[{"start":{"line":89,"column":6},"end":{"line":89,"column":6}},{"start":{"line":89,"column":6},"end":{"line":89,"column":6}}]},"19":{"line":90,"type":"if","locations":[{"start":{"line":90,"column":6},"end":{"line":90,"column":6}},{"start":{"line":90,"column":6},"end":{"line":90,"column":6}}]},"20":{"line":90,"type":"binary-expr","locations":[{"start":{"line":90,"column":10},"end":{"line":90,"column":14}},{"start":{"line":90,"column":18},"end":{"line":90,"column":26}}]},"21":{"line":92,"type":"if","locations":[{"start":{"line":92,"column":13},"end":{"line":92,"column":13}},{"start":{"line":92,"column":13},"end":{"line":92,"column":13}}]},"22":{"line":92,"type":"binary-expr","locations":[{"start":{"line":92,"column":17},"end":{"line":92,"column":24}},{"start":{"line":92,"column":28},"end":{"line":92,"column":33}}]},"23":{"line":94,"type":"if","locations":[{"start":{"line":94,"column":13},"end":{"line":94,"column":13}},{"start":{"line":94,"column":13},"end":{"line":94,"column":13}}]},"24":{"line":94,"type":"binary-expr","locations":[{"start":{"line":94,"column":17},"end":{"line":94,"column":21}},{"start":{"line":94,"column":25},"end":{"line":94,"column":32}}]},"25":{"line":99,"type":"if","locations":[{"start":{"line":99,"column":8},"end":{"line":99,"column":8}},{"start":{"line":99,"column":8},"end":{"line":99,"column":8}}]},"26":{"line":109,"type":"if","locations":[{"start":{"line":109,"column":6},"end":{"line":109,"column":6}},{"start":{"line":109,"column":6},"end":{"line":109,"column":6}}]},"27":{"line":110,"type":"if","locations":[{"start":{"line":110,"column":6},"end":{"line":110,"column":6}},{"start":{"line":110,"column":6},"end":{"line":110,"column":6}}]},"28":{"line":112,"type":"if","locations":[{"start":{"line":112,"column":8},"end":{"line":112,"column":8}},{"start":{"line":112,"column":8},"end":{"line":112,"column":8}}]},"29":{"line":113,"type":"if","locations":[{"start":{"line":113,"column":8},"end":{"line":113,"column":8}},{"start":{"line":113,"column":8},"end":{"line":113,"column":8}}]},"30":{"line":114,"type":"if","locations":[{"start":{"line":114,"column":8},"end":{"line":114,"column":8}},{"start":{"line":114,"column":8},"end":{"line":114,"column":8}}]},"31":{"line":117,"type":"if","locations":[{"start":{"line":117,"column":12},"end":{"line":117,"column":12}},{"start":{"line":117,"column":12},"end":{"line":117,"column":12}}]},"32":{"line":130,"type":"if","locations":[{"start":{"line":130,"column":6},"end":{"line":130,"column":6}},{"start":{"line":130,"column":6},"end":{"line":130,"column":6}}]},"33":{"line":131,"type":"if","locations":[{"start":{"line":131,"column":6},"end":{"line":131,"column":6}},{"start":{"line":131,"column":6},"end":{"line":131,"column":6}}]},"34":{"line":133,"type":"if","locations":[{"start":{"line":133,"column":8},"end":{"line":133,"column":8}},{"start":{"line":133,"column":8},"end":{"line":133,"column":8}}]},"35":{"line":134,"type":"if","locations":[{"start":{"line":134,"column":8},"end":{"line":134,"column":8}},{"start":{"line":134,"column":8},"end":{"line":134,"column":8}}]},"36":{"line":135,"type":"if","locations":[{"start":{"line":135,"column":8},"end":{"line":135,"column":8}},{"start":{"line":135,"column":8},"end":{"line":135,"column":8}}]},"37":{"line":138,"type":"if","locations":[{"start":{"line":138,"column":12},"end":{"line":138,"column":12}},{"start":{"line":138,"column":12},"end":{"line":138,"column":12}}]}}},"/home/matheus/Documentos/Desenvolvimento_de_Sistema_WEB/sails_js/istim-virtualCoin/fork_virtual_coin/istim-virtualCoin/api/policies/isAuthenticated.js":{"path":"/home/matheus/Documentos/Desenvolvimento_de_Sistema_WEB/sails_js/istim-virtualCoin/fork_virtual_coin/istim-virtualCoin/api/policies/isAuthenticated.js","s":{"1":1,"2":0,"3":0,"4":0,"5":0,"6":0,"7":0,"8":0,"9":0,"10":0,"11":0,"12":0,"13":0,"14":0,"15":0,"16":0,"17":0,"18":0,"19":0,"20":0,"21":0,"22":0,"23":0,"24":0,"25":0,"26":0,"27":0,"28":0,"29":0,"30":0,"31":0,"32":0,"33":0,"34":0},"b":{"1":[0,0],"2":[0,0]},"f":{"1":0,"2":0,"3":0,"4":0,"5":0,"6":0,"7":0,"8":0,"9":0},"fnMap":{"1":{"name":"(anonymous_1)","line":10,"loc":{"start":{"line":10,"column":17},"end":{"line":10,"column":42}}},"2":{"name":"(anonymous_2)","line":20,"loc":{"start":{"line":20,"column":19},"end":{"line":20,"column":33}}},"3":{"name":"(anonymous_3)","line":23,"loc":{"start":{"line":23,"column":24},"end":{"line":23,"column":40}}},"4":{"name":"(anonymous_4)","line":27,"loc":{"start":{"line":27,"column":23},"end":{"line":27,"column":34}}},"5":{"name":"(anonymous_5)","line":52,"loc":{"start":{"line":52,"column":34},"end":{"line":52,"column":48}}},"6":{"name":"(anonymous_6)","line":54,"loc":{"start":{"line":54,"column":19},"end":{"line":54,"column":36}}},"7":{"name":"(anonymous_7)","line":58,"loc":{"start":{"line":58,"column":18},"end":{"line":58,"column":29}}},"8":{"name":"(anonymous_8)","line":71,"loc":{"start":{"line":71,"column":20},"end":{"line":71,"column":32}}},"9":{"name":"(anonymous_9)","line":75,"loc":{"start":{"line":75,"column":17},"end":{"line":75,"column":27}}}},"statementMap":{"1":{"start":{"line":10,"column":0},"end":{"line":86,"column":2}},"2":{"start":{"line":12,"column":0},"end":{"line":12,"column":27}},"3":{"start":{"line":13,"column":0},"end":{"line":13,"column":31}},"4":{"start":{"line":14,"column":0},"end":{"line":14,"column":41}},"5":{"start":{"line":15,"column":0},"end":{"line":15,"column":14}},"6":{"start":{"line":17,"column":5},"end":{"line":17,"column":30}},"7":{"start":{"line":18,"column":5},"end":{"line":18,"column":54}},"8":{"start":{"line":20,"column":5},"end":{"line":73,"column":8}},"9":{"start":{"line":21,"column":9},"end":{"line":21,"column":23}},"10":{"start":{"line":23,"column":9},"end":{"line":25,"column":12}},"11":{"start":{"line":24,"column":13},"end":{"line":24,"column":27}},"12":{"start":{"line":27,"column":9},"end":{"line":70,"column":12}},"13":{"start":{"line":28,"column":9},"end":{"line":28,"column":37}},"14":{"start":{"line":29,"column":9},"end":{"line":33,"column":8}},"15":{"start":{"line":30,"column":9},"end":{"line":32,"column":10}},"16":{"start":{"line":31,"column":12},"end":{"line":31,"column":39}},"17":{"start":{"line":35,"column":7},"end":{"line":35,"column":48}},"18":{"start":{"line":37,"column":7},"end":{"line":40,"column":20}},"19":{"start":{"line":40,"column":20},"end":{"line":49,"column":4}},"20":{"start":{"line":50,"column":6},"end":{"line":50,"column":19}},"21":{"start":{"line":52,"column":2},"end":{"line":67,"column":5}},"22":{"start":{"line":53,"column":4},"end":{"line":53,"column":28}},"23":{"start":{"line":54,"column":4},"end":{"line":56,"column":7}},"24":{"start":{"line":55,"column":6},"end":{"line":55,"column":19}},"25":{"start":{"line":58,"column":4},"end":{"line":66,"column":7}},"26":{"start":{"line":59,"column":4},"end":{"line":59,"column":32}},"27":{"start":{"line":60,"column":4},"end":{"line":65,"column":5}},"28":{"start":{"line":61,"column":6},"end":{"line":61,"column":20}},"29":{"start":{"line":64,"column":6},"end":{"line":64,"column":14}},"30":{"start":{"line":68,"column":2},"end":{"line":68,"column":18}},"31":{"start":{"line":69,"column":2},"end":{"line":69,"column":12}},"32":{"start":{"line":72,"column":9},"end":{"line":72,"column":39}},"33":{"start":{"line":75,"column":5},"end":{"line":86,"column":0}},"34":{"start":{"line":76,"column":12},"end":{"line":76,"column":82}}},"branchMap":{"1":{"line":30,"type":"if","locations":[{"start":{"line":30,"column":9},"end":{"line":30,"column":9}},{"start":{"line":30,"column":9},"end":{"line":30,"column":9}}]},"2":{"line":60,"type":"if","locations":[{"start":{"line":60,"column":4},"end":{"line":60,"column":4}},{"start":{"line":60,"column":4},"end":{"line":60,"column":4}}]}}}}