TN:
SF:/home/matheus/Documentos/Desenvolvimento_de_Sistema_WEB/sails_js/istim-virtualCoin/fork_virtual_coin/istim-virtualCoin/config/400.js
FN:23,badRequest
FNF:1
FNH:0
FNDA:0,badRequest
DA:23,1
DA:31,0
DA:33,0
DA:38,0
DA:39,0
DA:44,0
DA:45,0
DA:55,0
DA:58,0
DA:61,0
DA:71,0
LF:11
LH:1
BRDA:38,1,0,0
BRDA:38,1,1,0
BRDA:44,2,0,0
BRDA:44,2,1,0
BRDA:55,3,0,0
BRDA:55,3,1,0
BRF:6
BRH:0
end_of_record
TN:
SF:/home/matheus/Documentos/Desenvolvimento_de_Sistema_WEB/sails_js/istim-virtualCoin/fork_virtual_coin/istim-virtualCoin/config/403.js
FN:13,badRequest
FN:44,(anonymous_2)
FNF:2
FNH:0
FNDA:0,badRequest
FNDA:0,(anonymous_2)
DA:13,1
DA:21,0
DA:22,0
DA:24,0
DA:29,0
DA:30,0
DA:34,0
DA:35,0
DA:39,0
DA:40,0
DA:41,0
DA:44,0
DA:46,0
DA:49,0
LF:14
LH:1
BRDA:29,1,0,0
BRDA:29,1,1,0
BRDA:34,2,0,0
BRDA:34,2,1,0
BRDA:46,3,0,0
BRDA:46,3,1,0
BRF:6
BRH:0
end_of_record
TN:
SF:/home/matheus/Documentos/Desenvolvimento_de_Sistema_WEB/sails_js/istim-virtualCoin/fork_virtual_coin/istim-virtualCoin/config/404.js
FN:10,pageNotFound
FN:30,(anonymous_2)
FNF:2
FNH:0
FNDA:0,pageNotFound
FNDA:0,(anonymous_2)
DA:10,1
DA:18,0
DA:19,0
DA:20,0
DA:25,0
DA:26,0
DA:29,0
DA:30,0
DA:32,0
DA:35,0
LF:10
LH:1
BRDA:25,1,0,0
BRDA:25,1,1,0
BRDA:32,2,0,0
BRDA:32,2,1,0
BRF:4
BRH:0
end_of_record
TN:
SF:/home/matheus/Documentos/Desenvolvimento_de_Sistema_WEB/sails_js/istim-virtualCoin/fork_virtual_coin/istim-virtualCoin/config/500.js
FN:15,serverErrorOccurred
FN:69,(anonymous_2)
FNF:2
FNH:0
FNDA:0,serverErrorOccurred
FNDA:0,(anonymous_2)
DA:15,1
DA:23,0
DA:27,0
DA:33,0
DA:34,0
DA:38,0
DA:39,0
DA:42,0
DA:44,0
DA:45,0
DA:48,0
DA:49,0
DA:54,0
DA:55,0
DA:59,0
DA:60,0
DA:64,0
DA:65,0
DA:66,0
DA:69,0
DA:71,0
DA:74,0
LF:22
LH:1
BRDA:38,1,0,0
BRDA:38,1,1,0
BRDA:48,2,0,0
BRDA:48,2,1,0
BRDA:54,3,0,0
BRDA:54,3,1,0
BRDA:59,4,0,0
BRDA:59,4,1,0
BRDA:71,5,0,0
BRDA:71,5,1,0
BRF:10
BRH:0
end_of_record
TN:
SF:/home/matheus/Documentos/Desenvolvimento_de_Sistema_WEB/sails_js/istim-virtualCoin/fork_virtual_coin/istim-virtualCoin/config/adapters.js
FNF:0
FNH:0
DA:15,1
LF:1
LH:1
BRF:0
BRH:0
end_of_record
TN:
SF:/home/matheus/Documentos/Desenvolvimento_de_Sistema_WEB/sails_js/istim-virtualCoin/fork_virtual_coin/istim-virtualCoin/config/bootstrap.js
FN:11,(anonymous_1)
FNF:1
FNH:1
FNDA:1,(anonymous_1)
DA:11,1
DA:15,1
LF:2
LH:2
BRF:0
BRH:0
end_of_record
TN:
SF:/home/matheus/Documentos/Desenvolvimento_de_Sistema_WEB/sails_js/istim-virtualCoin/fork_virtual_coin/istim-virtualCoin/config/controllers.js
FNF:0
FNH:0
DA:20,1
LF:1
LH:1
BRF:0
BRH:0
end_of_record
TN:
SF:/home/matheus/Documentos/Desenvolvimento_de_Sistema_WEB/sails_js/istim-virtualCoin/fork_virtual_coin/istim-virtualCoin/config/cors.js
FNF:0
FNH:0
DA:25,1
LF:1
LH:1
BRF:0
BRH:0
end_of_record
TN:
SF:/home/matheus/Documentos/Desenvolvimento_de_Sistema_WEB/sails_js/istim-virtualCoin/fork_virtual_coin/istim-virtualCoin/config/csrf.js
FNF:0
FNH:0
DA:40,1
LF:1
LH:1
BRF:0
BRH:0
end_of_record
TN:
SF:/home/matheus/Documentos/Desenvolvimento_de_Sistema_WEB/sails_js/istim-virtualCoin/fork_virtual_coin/istim-virtualCoin/config/i18n.js
FNF:0
FNH:0
DA:12,1
LF:1
LH:1
BRF:0
BRH:0
end_of_record
TN:
SF:/home/matheus/Documentos/Desenvolvimento_de_Sistema_WEB/sails_js/istim-virtualCoin/fork_virtual_coin/istim-virtualCoin/config/local.js
FNF:0
FNH:0
DA:25,1
LF:1
LH:1
BRDA:39,1,0,1
BRDA:39,1,1,1
BRDA:55,2,0,1
BRDA:55,2,1,1
BRF:4
BRH:4
end_of_record
TN:
SF:/home/matheus/Documentos/Desenvolvimento_de_Sistema_WEB/sails_js/istim-virtualCoin/fork_virtual_coin/istim-virtualCoin/config/log.js
FNF:0
FNH:0
DA:12,1
LF:1
LH:1
BRF:0
BRH:0
end_of_record
TN:
SF:/home/matheus/Documentos/Desenvolvimento_de_Sistema_WEB/sails_js/istim-virtualCoin/fork_virtual_coin/istim-virtualCoin/config/policies.js
FNF:0
FNH:0
DA:15,1
LF:1
LH:1
BRF:0
BRH:0
end_of_record
TN:
SF:/home/matheus/Documentos/Desenvolvimento_de_Sistema_WEB/sails_js/istim-virtualCoin/fork_virtual_coin/istim-virtualCoin/config/routes.js
FNF:0
FNH:0
DA:29,1
LF:1
LH:1
BRF:0
BRH:0
end_of_record
TN:
SF:/home/matheus/Documentos/Desenvolvimento_de_Sistema_WEB/sails_js/istim-virtualCoin/fork_virtual_coin/istim-virtualCoin/config/session.js
FNF:0
FNH:0
DA:13,1
LF:1
LH:1
BRF:0
BRH:0
end_of_record
TN:
SF:/home/matheus/Documentos/Desenvolvimento_de_Sistema_WEB/sails_js/istim-virtualCoin/fork_virtual_coin/istim-virtualCoin/config/sockets.js
FN:17,(anonymous_1)
FN:25,(anonymous_2)
FNF:2
FNH:0
FNDA:0,(anonymous_1)
FNDA:0,(anonymous_2)
DA:11,1
LF:1
LH:1
BRF:0
BRH:0
end_of_record
TN:
SF:/home/matheus/Documentos/Desenvolvimento_de_Sistema_WEB/sails_js/istim-virtualCoin/fork_virtual_coin/istim-virtualCoin/config/views.js
FNF:0
FNH:0
DA:12,1
LF:1
LH:1
BRF:0
BRH:0
end_of_record
TN:
SF:/home/matheus/Documentos/Desenvolvimento_de_Sistema_WEB/sails_js/istim-virtualCoin/fork_virtual_coin/istim-virtualCoin/api/models/Coin.js
FN:16,(anonymous_1)
FN:17,(anonymous_2)
FNF:2
FNH:0
FNDA:0,(anonymous_1)
FNDA:0,(anonymous_2)
DA:9,1
DA:17,0
DA:18,0
DA:19,0
LF:4
LH:1
BRDA:18,1,0,0
BRDA:18,1,1,0
BRF:2
BRH:0
end_of_record
TN:
SF:/home/matheus/Documentos/Desenvolvimento_de_Sistema_WEB/sails_js/istim-virtualCoin/fork_virtual_coin/istim-virtualCoin/api/controllers/CoinController.js
FN:20,(anonymous_1)
FN:25,(anonymous_2)
FN:29,(anonymous_3)
FN:35,(anonymous_4)
FN:45,(anonymous_5)
FN:48,(anonymous_6)
FN:55,(anonymous_7)
FN:59,(anonymous_8)
FN:62,(anonymous_9)
FN:70,(anonymous_10)
FN:78,(anonymous_11)
FN:86,(anonymous_12)
FN:98,(anonymous_13)
FN:105,(anonymous_14)
FN:111,(anonymous_15)
FN:116,(anonymous_16)
FN:126,(anonymous_17)
FN:132,(anonymous_18)
FN:137,(anonymous_19)
FNF:19
FNH:19
FNDA:2,(anonymous_1)
FNDA:2,(anonymous_2)
FNDA:1,(anonymous_3)
FNDA:1,(anonymous_4)
FNDA:6,(anonymous_5)
FNDA:6,(anonymous_6)
FNDA:2,(anonymous_7)
FNDA:2,(anonymous_8)
FNDA:2,(anonymous_9)
FNDA:3,(anonymous_10)
FNDA:2,(anonymous_11)
FNDA:3,(anonymous_12)
FNDA:3,(anonymous_13)
FNDA:1,(anonymous_14)
FNDA:1,(anonymous_15)
FNDA:1,(anonymous_16)
FNDA:1,(anonymous_17)
FNDA:1,(anonymous_18)
FNDA:1,(anonymous_19)
DA:18,1
DA:21,2
DA:22,2
DA:24,2
DA:25,2
DA:26,2
DA:27,2
DA:28,2
DA:29,1
DA:30,1
DA:31,1
DA:35,1
DA:36,1
DA:37,1
DA:46,6
DA:47,6
DA:48,6
DA:49,6
DA:50,6
DA:51,1
DA:56,2
DA:58,2
DA:59,2
DA:60,2
DA:61,2
DA:62,2
DA:63,2
DA:64,2
DA:71,3
DA:72,3
DA:73,3
DA:74,3
DA:76,3
DA:78,2
DA:79,2
DA:80,0
DA:81,0
DA:86,3
DA:88,3
DA:89,3
DA:90,3
DA:91,1
DA:92,2
DA:93,1
DA:94,1
DA:95,1
DA:96,1
DA:98,3
DA:99,3
DA:100,3
DA:106,1
DA:107,1
DA:109,1
DA:110,1
DA:111,1
DA:112,1
DA:113,1
DA:114,1
DA:115,1
DA:116,1
DA:117,1
DA:119,1
DA:121,0
DA:127,1
DA:128,1
DA:130,1
DA:131,1
DA:132,1
DA:133,1
DA:134,1
DA:135,1
DA:136,1
DA:137,1
DA:138,1
DA:140,1
DA:142,0
LF:76
LH:72
BRDA:24,1,0,0
BRDA:24,1,1,2
BRDA:26,2,0,0
BRDA:26,2,1,2
BRDA:27,3,0,0
BRDA:27,3,1,2
BRDA:28,4,0,1
BRDA:28,4,1,1
BRDA:30,5,0,0
BRDA:30,5,1,1
BRDA:36,6,0,0
BRDA:36,6,1,1
BRDA:47,7,0,0
BRDA:47,7,1,6
BRDA:49,8,0,0
BRDA:49,8,1,6
BRDA:50,9,0,5
BRDA:50,9,1,1
BRDA:58,10,0,0
BRDA:58,10,1,2
BRDA:60,11,0,0
BRDA:60,11,1,2
BRDA:61,12,0,0
BRDA:61,12,1,2
BRDA:63,13,0,0
BRDA:63,13,1,2
BRDA:74,14,0,0
BRDA:74,14,1,3
BRDA:76,15,0,2
BRDA:76,15,1,1
BRDA:79,16,0,0
BRDA:79,16,1,2
BRDA:88,17,0,0
BRDA:88,17,1,3
BRDA:89,18,0,0
BRDA:89,18,1,3
BRDA:90,19,0,1
BRDA:90,19,1,2
BRDA:90,20,0,3
BRDA:90,20,1,2
BRDA:92,21,0,1
BRDA:92,21,1,1
BRDA:92,22,0,2
BRDA:92,22,1,2
BRDA:94,23,0,1
BRDA:94,23,1,0
BRDA:94,24,0,1
BRDA:94,24,1,1
BRDA:99,25,0,0
BRDA:99,25,1,3
BRDA:109,26,0,0
BRDA:109,26,1,1
BRDA:110,27,0,0
BRDA:110,27,1,1
BRDA:112,28,0,0
BRDA:112,28,1,1
BRDA:113,29,0,0
BRDA:113,29,1,1
BRDA:114,30,0,1
BRDA:114,30,1,0
BRDA:117,31,0,0
BRDA:117,31,1,1
BRDA:130,32,0,0
BRDA:130,32,1,1
BRDA:131,33,0,0
BRDA:131,33,1,1
BRDA:133,34,0,0
BRDA:133,34,1,1
BRDA:134,35,0,0
BRDA:134,35,1,1
BRDA:135,36,0,1
BRDA:135,36,1,0
BRDA:138,37,0,0
BRDA:138,37,1,1
BRF:74
BRH:45
end_of_record
TN:
SF:/home/matheus/Documentos/Desenvolvimento_de_Sistema_WEB/sails_js/istim-virtualCoin/fork_virtual_coin/istim-virtualCoin/api/policies/isAuthenticated.js
FN:10,(anonymous_1)
FN:20,(anonymous_2)
FN:23,(anonymous_3)
FN:27,(anonymous_4)
FN:52,(anonymous_5)
FN:54,(anonymous_6)
FN:58,(anonymous_7)
FN:71,(anonymous_8)
FN:75,(anonymous_9)
FNF:9
FNH:0
FNDA:0,(anonymous_1)
FNDA:0,(anonymous_2)
FNDA:0,(anonymous_3)
FNDA:0,(anonymous_4)
FNDA:0,(anonymous_5)
FNDA:0,(anonymous_6)
FNDA:0,(anonymous_7)
FNDA:0,(anonymous_8)
FNDA:0,(anonymous_9)
DA:10,1
DA:12,0
DA:13,0
DA:14,0
DA:15,0
DA:17,0
DA:18,0
DA:20,0
DA:21,0
DA:23,0
DA:24,0
DA:27,0
DA:28,0
DA:29,0
DA:30,0
DA:31,0
DA:35,0
DA:37,0
DA:40,0
DA:50,0
DA:52,0
DA:53,0
DA:54,0
DA:55,0
DA:58,0
DA:59,0
DA:60,0
DA:61,0
DA:64,0
DA:68,0
DA:69,0
DA:72,0
DA:75,0
DA:76,0
LF:34
LH:1
BRDA:30,1,0,0
BRDA:30,1,1,0
BRDA:60,2,0,0
BRDA:60,2,1,0
BRF:4
BRH:0
end_of_record
